# JRE version: OpenJDK Runtime Environment (7.0_75-b13) (build 1.7.0_75-b13)
# Java VM: OpenJDK 64-Bit Server VM (24.75-b04 mixed mode linux-amd64 compressed oops)
Heap
 PSYoungGen      total 410112K, used 6040K [0x00000007d7000000, 0x00000007f0700000, 0x0000000800000000)
  eden space 403456K, 0% used [0x00000007d7000000,0x00000007d7000000,0x00000007efa00000)
  from space 6656K, 90% used [0x00000007efa00000,0x00000007effe6330,0x00000007f0080000)
  to   space 6656K, 0% used [0x00000007f0080000,0x00000007f0080000,0x00000007f0700000)
 ParOldGen       total 83968K, used 14605K [0x0000000785000000, 0x000000078a200000, 0x00000007d7000000)
  object space 83968K, 17% used [0x0000000785000000,0x0000000785e436a8,0x000000078a200000)
 PSPermGen       total 21504K, used 21205K [0x000000077aa00000, 0x000000077bf00000, 0x0000000785000000)
  object space 21504K, 98% used [0x000000077aa00000,0x000000077beb5430,0x000000077bf00000)
GC Heap History (10 events):
Event: 3,782 GC heap after
Heap after GC invocations=6 (full 0):
 PSYoungGen      total 131584K, used 5600K [0x00000007d7000000, 0x00000007df900000, 0x0000000800000000)
  eden space 125952K, 0% used [0x00000007d7000000,0x00000007d7000000,0x00000007deb00000)
  from space 5632K, 99% used [0x00000007df180000,0x00000007df6f8040,0x00000007df700000)
  to   space 6656K, 0% used [0x00000007deb00000,0x00000007deb00000,0x00000007df180000)
 ParOldGen       total 83968K, used 696K [0x0000000785000000, 0x000000078a200000, 0x00000007d7000000)
  object space 83968K, 0% used [0x0000000785000000,0x00000007850ae3c8,0x000000078a200000)
 PSPermGen       total 21504K, used 14425K [0x000000077aa00000, 0x000000077bf00000, 0x0000000785000000)
  object space 21504K, 67% used [0x000000077aa00000,0x000000077b816510,0x000000077bf00000)
}
Event: 4,109 GC heap before
{Heap before GC invocations=7 (full 0):
 PSYoungGen      total 131584K, used 131552K [0x00000007d7000000, 0x00000007df900000, 0x0000000800000000)
  eden space 125952K, 100% used [0x00000007d7000000,0x00000007deb00000,0x00000007deb00000)
  from space 5632K, 99% used [0x00000007df180000,0x00000007df6f8040,0x00000007df700000)
  to   space 6656K, 0% used [0x00000007deb00000,0x00000007deb00000,0x00000007df180000)
 ParOldGen       total 83968K, used 696K [0x0000000785000000, 0x000000078a200000, 0x00000007d7000000)
  object space 83968K, 0% used [0x0000000785000000,0x00000007850ae3c8,0x000000078a200000)
 PSPermGen       total 21504K, used 14564K [0x000000077aa00000, 0x000000077bf00000, 0x0000000785000000)
  object space 21504K, 67% used [0x000000077aa00000,0x000000077b839200,0x000000077bf00000)
Event: 4,126 GC heap after
Heap after GC invocations=7 (full 0):
 PSYoungGen      total 132608K, used 4400K [0x00000007d7000000, 0x00000007e7200000, 0x0000000800000000)
  eden space 125952K, 0% used [0x00000007d7000000,0x00000007d7000000,0x00000007deb00000)
  from space 6656K, 66% used [0x00000007deb00000,0x00000007def4c030,0x00000007df180000)
  to   space 6144K, 0% used [0x00000007e6c00000,0x00000007e6c00000,0x00000007e7200000)
 ParOldGen       total 83968K, used 3550K [0x0000000785000000, 0x000000078a200000, 0x00000007d7000000)
  object space 83968K, 4% used [0x0000000785000000,0x0000000785377ac8,0x000000078a200000)
 PSPermGen       total 21504K, used 14564K [0x000000077aa00000, 0x000000077bf00000, 0x0000000785000000)
  object space 21504K, 67% used [0x000000077aa00000,0x000000077b839200,0x000000077bf00000)
}
Event: 4,310 GC heap before
{Heap before GC invocations=8 (full 0):
 PSYoungGen      total 132608K, used 130352K [0x00000007d7000000, 0x00000007e7200000, 0x0000000800000000)
  eden space 125952K, 100% used [0x00000007d7000000,0x00000007deb00000,0x00000007deb00000)
  from space 6656K, 66% used [0x00000007deb00000,0x00000007def4c030,0x00000007df180000)
  to   space 6144K, 0% used [0x00000007e6c00000,0x00000007e6c00000,0x00000007e7200000)
 ParOldGen       total 83968K, used 3550K [0x0000000785000000, 0x000000078a200000, 0x00000007d7000000)
  object space 83968K, 4% used [0x0000000785000000,0x0000000785377ac8,0x000000078a200000)
 PSPermGen       total 21504K, used 14574K [0x000000077aa00000, 0x000000077bf00000, 0x0000000785000000)
  object space 21504K, 67% used [0x000000077aa00000,0x000000077b83ba38,0x000000077bf00000)
Event: 4,325 GC heap after
Heap after GC invocations=8 (full 0):
 PSYoungGen      total 258048K, used 4960K [0x00000007d7000000, 0x00000007e7200000, 0x0000000800000000)
  eden space 251904K, 0% used [0x00000007d7000000,0x00000007d7000000,0x00000007e6600000)
  from space 6144K, 80% used [0x00000007e6c00000,0x00000007e70d8020,0x00000007e7200000)
  to   space 6144K, 0% used [0x00000007e6600000,0x00000007e6600000,0x00000007e6c00000)
 ParOldGen       total 83968K, used 4589K [0x0000000785000000, 0x000000078a200000, 0x00000007d7000000)
  object space 83968K, 5% used [0x0000000785000000,0x000000078547b5a8,0x000000078a200000)
 PSPermGen       total 21504K, used 14574K [0x000000077aa00000, 0x000000077bf00000, 0x0000000785000000)
  object space 21504K, 67% used [0x000000077aa00000,0x000000077b83ba38,0x000000077bf00000)
}
Event: 4,750 GC heap before
{Heap before GC invocations=9 (full 0):
 PSYoungGen      total 258048K, used 256864K [0x00000007d7000000, 0x00000007e7200000, 0x0000000800000000)
  eden space 251904K, 100% used [0x00000007d7000000,0x00000007e6600000,0x00000007e6600000)
  from space 6144K, 80% used [0x00000007e6c00000,0x00000007e70d8020,0x00000007e7200000)
  to   space 6144K, 0% used [0x00000007e6600000,0x00000007e6600000,0x00000007e6c00000)
 ParOldGen       total 83968K, used 4589K [0x0000000785000000, 0x000000078a200000, 0x00000007d7000000)
  object space 83968K, 5% used [0x0000000785000000,0x000000078547b5a8,0x000000078a200000)
 PSPermGen       total 21504K, used 14654K [0x000000077aa00000, 0x000000077bf00000, 0x0000000785000000)
  object space 21504K, 68% used [0x000000077aa00000,0x000000077b84f9f0,0x000000077bf00000)
Event: 4,777 GC heap after
Heap after GC invocations=9 (full 0):
 PSYoungGen      total 258048K, used 6048K [0x00000007d7000000, 0x00000007f0700000, 0x0000000800000000)
  eden space 251904K, 0% used [0x00000007d7000000,0x00000007d7000000,0x00000007e6600000)
  from space 6144K, 98% used [0x00000007e6600000,0x00000007e6be8000,0x00000007e6c00000)
  to   space 6656K, 0% used [0x00000007f0080000,0x00000007f0080000,0x00000007f0700000)
 ParOldGen       total 83968K, used 6197K [0x0000000785000000, 0x000000078a200000, 0x00000007d7000000)
  object space 83968K, 7% used [0x0000000785000000,0x000000078560d6a8,0x000000078a200000)
 PSPermGen       total 21504K, used 14654K [0x000000077aa00000, 0x000000077bf00000, 0x0000000785000000)
  object space 21504K, 68% used [0x000000077aa00000,0x000000077b84f9f0,0x000000077bf00000)
}
Event: 5,054 GC heap before
{Heap before GC invocations=10 (full 0):
 PSYoungGen      total 258048K, used 257952K [0x00000007d7000000, 0x00000007f0700000, 0x0000000800000000)
  eden space 251904K, 100% used [0x00000007d7000000,0x00000007e6600000,0x00000007e6600000)
  from space 6144K, 98% used [0x00000007e6600000,0x00000007e6be8000,0x00000007e6c00000)
  to   space 6656K, 0% used [0x00000007f0080000,0x00000007f0080000,0x00000007f0700000)
 ParOldGen       total 83968K, used 6197K [0x0000000785000000, 0x000000078a200000, 0x00000007d7000000)
  object space 83968K, 7% used [0x0000000785000000,0x000000078560d6a8,0x000000078a200000)
 PSPermGen       total 21504K, used 14846K [0x000000077aa00000, 0x000000077bf00000, 0x0000000785000000)
  object space 21504K, 69% used [0x000000077aa00000,0x000000077b87f8b8,0x000000077bf00000)
Event: 5,068 GC heap after
Heap after GC invocations=10 (full 0):
 PSYoungGen      total 410112K, used 5248K [0x00000007d7000000, 0x00000007f0700000, 0x0000000800000000)
  eden space 403456K, 0% used [0x00000007d7000000,0x00000007d7000000,0x00000007efa00000)
  from space 6656K, 78% used [0x00000007f0080000,0x00000007f05a0000,0x00000007f0700000)
  to   space 6656K, 0% used [0x00000007efa00000,0x00000007efa00000,0x00000007f0080000)
 ParOldGen       total 83968K, used 9397K [0x0000000785000000, 0x000000078a200000, 0x00000007d7000000)
  object space 83968K, 11% used [0x0000000785000000,0x000000078592d6a8,0x000000078a200000)
 PSPermGen       total 21504K, used 14846K [0x000000077aa00000, 0x000000077bf00000, 0x0000000785000000)
  object space 21504K, 69% used [0x000000077aa00000,0x000000077b87f8b8,0x000000077bf00000)
}
Event: 9,478 GC heap before
{Heap before GC invocations=11 (full 0):
 PSYoungGen      total 410112K, used 408704K [0x00000007d7000000, 0x00000007f0700000, 0x0000000800000000)
  eden space 403456K, 100% used [0x00000007d7000000,0x00000007efa00000,0x00000007efa00000)
  from space 6656K, 78% used [0x00000007f0080000,0x00000007f05a0000,0x00000007f0700000)
  to   space 6656K, 0% used [0x00000007efa00000,0x00000007efa00000,0x00000007f0080000)
 ParOldGen       total 83968K, used 9397K [0x0000000785000000, 0x000000078a200000, 0x00000007d7000000)
  object space 83968K, 11% used [0x0000000785000000,0x000000078592d6a8,0x000000078a200000)
 PSPermGen       total 21504K, used 21205K [0x000000077aa00000, 0x000000077bf00000, 0x0000000785000000)
  object space 21504K, 98% used [0x000000077aa00000,0x000000077beb5430,0x000000077bf00000)

