# JRE version: OpenJDK Runtime Environment (7.0_75-b13) (build 1.7.0_75-b13)
# Java VM: OpenJDK 64-Bit Server VM (24.75-b04 mixed mode linux-amd64 compressed oops)
Heap
 PSYoungGen      total 411648K, used 6053K [0x00000007d7000000, 0x00000007f0880000, 0x0000000800000000)
  eden space 404992K, 0% used [0x00000007d7000000,0x00000007d7000000,0x00000007efb80000)
  from space 6656K, 90% used [0x00000007efb80000,0x00000007f0169578,0x00000007f0200000)
  to   space 6656K, 0% used [0x00000007f0200000,0x00000007f0200000,0x00000007f0880000)
 ParOldGen       total 83968K, used 14835K [0x0000000785000000, 0x000000078a200000, 0x00000007d7000000)
  object space 83968K, 17% used [0x0000000785000000,0x0000000785e7ce38,0x000000078a200000)
 PSPermGen       total 21504K, used 21455K [0x000000077aa00000, 0x000000077bf00000, 0x0000000785000000)
  object space 21504K, 99% used [0x000000077aa00000,0x000000077bef3e80,0x000000077bf00000)
GC Heap History (10 events):
Event: 4,220 GC heap after
Heap after GC invocations=6 (full 0):
 PSYoungGen      total 132608K, used 5936K [0x00000007d7000000, 0x00000007df900000, 0x0000000800000000)
  eden space 126464K, 0% used [0x00000007d7000000,0x00000007d7000000,0x00000007deb80000)
  from space 6144K, 96% used [0x00000007df200000,0x00000007df7cc050,0x00000007df800000)
  to   space 6656K, 0% used [0x00000007deb80000,0x00000007deb80000,0x00000007df200000)
 ParOldGen       total 83968K, used 399K [0x0000000785000000, 0x000000078a200000, 0x00000007d7000000)
  object space 83968K, 0% used [0x0000000785000000,0x0000000785063e18,0x000000078a200000)
 PSPermGen       total 21504K, used 14454K [0x000000077aa00000, 0x000000077bf00000, 0x0000000785000000)
  object space 21504K, 67% used [0x000000077aa00000,0x000000077b81db50,0x000000077bf00000)
}
Event: 4,596 GC heap before
{Heap before GC invocations=7 (full 0):
 PSYoungGen      total 132608K, used 132400K [0x00000007d7000000, 0x00000007df900000, 0x0000000800000000)
  eden space 126464K, 100% used [0x00000007d7000000,0x00000007deb80000,0x00000007deb80000)
  from space 6144K, 96% used [0x00000007df200000,0x00000007df7cc050,0x00000007df800000)
  to   space 6656K, 0% used [0x00000007deb80000,0x00000007deb80000,0x00000007df200000)
 ParOldGen       total 83968K, used 399K [0x0000000785000000, 0x000000078a200000, 0x00000007d7000000)
  object space 83968K, 0% used [0x0000000785000000,0x0000000785063e18,0x000000078a200000)
 PSPermGen       total 21504K, used 14577K [0x000000077aa00000, 0x000000077bf00000, 0x0000000785000000)
  object space 21504K, 67% used [0x000000077aa00000,0x000000077b83c7e0,0x000000077bf00000)
Event: 4,617 GC heap after
Heap after GC invocations=7 (full 0):
 PSYoungGen      total 133120K, used 4704K [0x00000007d7000000, 0x00000007e7300000, 0x0000000800000000)
  eden space 126464K, 0% used [0x00000007d7000000,0x00000007d7000000,0x00000007deb80000)
  from space 6656K, 70% used [0x00000007deb80000,0x00000007df018020,0x00000007df200000)
  to   space 6144K, 0% used [0x00000007e6d00000,0x00000007e6d00000,0x00000007e7300000)
 ParOldGen       total 83968K, used 3287K [0x0000000785000000, 0x000000078a200000, 0x00000007d7000000)
  object space 83968K, 3% used [0x0000000785000000,0x0000000785335f48,0x000000078a200000)
 PSPermGen       total 21504K, used 14577K [0x000000077aa00000, 0x000000077bf00000, 0x0000000785000000)
  object space 21504K, 67% used [0x000000077aa00000,0x000000077b83c7e0,0x000000077bf00000)
}
Event: 4,790 GC heap before
{Heap before GC invocations=8 (full 0):
 PSYoungGen      total 133120K, used 131168K [0x00000007d7000000, 0x00000007e7300000, 0x0000000800000000)
  eden space 126464K, 100% used [0x00000007d7000000,0x00000007deb80000,0x00000007deb80000)
  from space 6656K, 70% used [0x00000007deb80000,0x00000007df018020,0x00000007df200000)
  to   space 6144K, 0% used [0x00000007e6d00000,0x00000007e6d00000,0x00000007e7300000)
 ParOldGen       total 83968K, used 3287K [0x0000000785000000, 0x000000078a200000, 0x00000007d7000000)
  object space 83968K, 3% used [0x0000000785000000,0x0000000785335f48,0x000000078a200000)
 PSPermGen       total 21504K, used 14579K [0x000000077aa00000, 0x000000077bf00000, 0x0000000785000000)
  object space 21504K, 67% used [0x000000077aa00000,0x000000077b83cfb0,0x000000077bf00000)
Event: 4,815 GC heap after
Heap after GC invocations=8 (full 0):
 PSYoungGen      total 259072K, used 5104K [0x00000007d7000000, 0x00000007e7300000, 0x0000000800000000)
  eden space 252928K, 0% used [0x00000007d7000000,0x00000007d7000000,0x00000007e6700000)
  from space 6144K, 83% used [0x00000007e6d00000,0x00000007e71fc030,0x00000007e7300000)
  to   space 6144K, 0% used [0x00000007e6700000,0x00000007e6700000,0x00000007e6d00000)
 ParOldGen       total 83968K, used 4398K [0x0000000785000000, 0x000000078a200000, 0x00000007d7000000)
  object space 83968K, 5% used [0x0000000785000000,0x000000078544ba28,0x000000078a200000)
 PSPermGen       total 21504K, used 14579K [0x000000077aa00000, 0x000000077bf00000, 0x0000000785000000)
  object space 21504K, 67% used [0x000000077aa00000,0x000000077b83cfb0,0x000000077bf00000)
}
Event: 5,250 GC heap before
{Heap before GC invocations=9 (full 0):
 PSYoungGen      total 259072K, used 258032K [0x00000007d7000000, 0x00000007e7300000, 0x0000000800000000)
  eden space 252928K, 100% used [0x00000007d7000000,0x00000007e6700000,0x00000007e6700000)
  from space 6144K, 83% used [0x00000007e6d00000,0x00000007e71fc030,0x00000007e7300000)
  to   space 6144K, 0% used [0x00000007e6700000,0x00000007e6700000,0x00000007e6d00000)
 ParOldGen       total 83968K, used 4398K [0x0000000785000000, 0x000000078a200000, 0x00000007d7000000)
  object space 83968K, 5% used [0x0000000785000000,0x000000078544ba28,0x000000078a200000)
 PSPermGen       total 21504K, used 14703K [0x000000077aa00000, 0x000000077bf00000, 0x0000000785000000)
  object space 21504K, 68% used [0x000000077aa00000,0x000000077b85be98,0x000000077bf00000)
Event: 5,275 GC heap after
Heap after GC invocations=9 (full 0):
 PSYoungGen      total 259072K, used 5952K [0x00000007d7000000, 0x00000007f0880000, 0x0000000800000000)
  eden space 252928K, 0% used [0x00000007d7000000,0x00000007d7000000,0x00000007e6700000)
  from space 6144K, 96% used [0x00000007e6700000,0x00000007e6cd0000,0x00000007e6d00000)
  to   space 6656K, 0% used [0x00000007f0200000,0x00000007f0200000,0x00000007f0880000)
 ParOldGen       total 83968K, used 6206K [0x0000000785000000, 0x000000078a200000, 0x00000007d7000000)
  object space 83968K, 7% used [0x0000000785000000,0x000000078560fb08,0x000000078a200000)
 PSPermGen       total 21504K, used 14703K [0x000000077aa00000, 0x000000077bf00000, 0x0000000785000000)
  object space 21504K, 68% used [0x000000077aa00000,0x000000077b85be98,0x000000077bf00000)
}
Event: 5,672 GC heap before
{Heap before GC invocations=10 (full 0):
 PSYoungGen      total 259072K, used 258880K [0x00000007d7000000, 0x00000007f0880000, 0x0000000800000000)
  eden space 252928K, 100% used [0x00000007d7000000,0x00000007e6700000,0x00000007e6700000)
  from space 6144K, 96% used [0x00000007e6700000,0x00000007e6cd0000,0x00000007e6d00000)
  to   space 6656K, 0% used [0x00000007f0200000,0x00000007f0200000,0x00000007f0880000)
 ParOldGen       total 83968K, used 6206K [0x0000000785000000, 0x000000078a200000, 0x00000007d7000000)
  object space 83968K, 7% used [0x0000000785000000,0x000000078560fb08,0x000000078a200000)
 PSPermGen       total 21504K, used 14955K [0x000000077aa00000, 0x000000077bf00000, 0x0000000785000000)
  object space 21504K, 69% used [0x000000077aa00000,0x000000077b89acb0,0x000000077bf00000)
Event: 5,685 GC heap after
Heap after GC invocations=10 (full 0):
 PSYoungGen      total 411648K, used 5696K [0x00000007d7000000, 0x00000007f0880000, 0x0000000800000000)
  eden space 404992K, 0% used [0x00000007d7000000,0x00000007d7000000,0x00000007efb80000)
  from space 6656K, 85% used [0x00000007f0200000,0x00000007f0790000,0x00000007f0880000)
  to   space 6656K, 0% used [0x00000007efb80000,0x00000007efb80000,0x00000007f0200000)
 ParOldGen       total 83968K, used 9326K [0x0000000785000000, 0x000000078a200000, 0x00000007d7000000)
  object space 83968K, 11% used [0x0000000785000000,0x000000078591bb08,0x000000078a200000)
 PSPermGen       total 21504K, used 14955K [0x000000077aa00000, 0x000000077bf00000, 0x0000000785000000)
  object space 21504K, 69% used [0x000000077aa00000,0x000000077b89acb0,0x000000077bf00000)
}
Event: 10,585 GC heap before
{Heap before GC invocations=11 (full 0):
 PSYoungGen      total 411648K, used 410688K [0x00000007d7000000, 0x00000007f0880000, 0x0000000800000000)
  eden space 404992K, 100% used [0x00000007d7000000,0x00000007efb80000,0x00000007efb80000)
  from space 6656K, 85% used [0x00000007f0200000,0x00000007f0790000,0x00000007f0880000)
  to   space 6656K, 0% used [0x00000007efb80000,0x00000007efb80000,0x00000007f0200000)
 ParOldGen       total 83968K, used 9326K [0x0000000785000000, 0x000000078a200000, 0x00000007d7000000)
  object space 83968K, 11% used [0x0000000785000000,0x000000078591bb08,0x000000078a200000)
 PSPermGen       total 21504K, used 21455K [0x000000077aa00000, 0x000000077bf00000, 0x0000000785000000)
  object space 21504K, 99% used [0x000000077aa00000,0x000000077bef3e80,0x000000077bf00000)

