# JRE version: OpenJDK Runtime Environment (8.0_20-b26) (build 1.8.0_20-b26)
# Java VM: OpenJDK 64-Bit Server VM (25.20-b23 mixed mode linux-amd64 compressed oops)
Heap:
 PSYoungGen      total 27648K, used 23426K [0x00000000d6f80000, 0x00000000ef300000, 0x0000000100000000)
  eden space 27136K, 86% used [0x00000000d6f80000,0x00000000d8650bc0,0x00000000d8a00000)
  from space 512K, 12% used [0x00000000ef200000,0x00000000ef210000,0x00000000ef280000)
  to   space 512K, 0% used [0x00000000ef280000,0x00000000ef280000,0x00000000ef300000)
 ParOldGen       total 54784K, used 32925K [0x0000000084e00000, 0x0000000088380000, 0x00000000d6f80000)
  object space 54784K, 60% used [0x0000000084e00000,0x0000000086e27458,0x0000000088380000)
 Metaspace       used 23045K, capacity 29431K, committed 29696K, reserved 1071104K
  class space    used 5419K, capacity 7341K, committed 7424K, reserved 1048576K
GC Heap History (10 events):
Event: 70052.680 GC heap before
{Heap before GC invocations=1016 (full 1):
 PSYoungGen      total 27648K, used 27200K [0x00000000d6f80000, 0x00000000ef300000, 0x0000000100000000)
  eden space 27136K, 100% used [0x00000000d6f80000,0x00000000d8a00000,0x00000000d8a00000)
  from space 512K, 12% used [0x00000000ef280000,0x00000000ef290000,0x00000000ef300000)
  to   space 512K, 0% used [0x00000000ef200000,0x00000000ef200000,0x00000000ef280000)
 ParOldGen       total 54784K, used 32925K [0x0000000084e00000, 0x0000000088380000, 0x00000000d6f80000)
  object space 54784K, 60% used [0x0000000084e00000,0x0000000086e27458,0x0000000088380000)
 Metaspace       used 23045K, capacity 29431K, committed 29696K, reserved 1071104K
  class space    used 5419K, capacity 7341K, committed 7424K, reserved 1048576K
Event: 70052.681 GC heap after
Heap after GC invocations=1016 (full 1):
 PSYoungGen      total 27648K, used 64K [0x00000000d6f80000, 0x00000000ef300000, 0x0000000100000000)
  eden space 27136K, 0% used [0x00000000d6f80000,0x00000000d6f80000,0x00000000d8a00000)
  from space 512K, 12% used [0x00000000ef200000,0x00000000ef210000,0x00000000ef280000)
  to   space 512K, 0% used [0x00000000ef280000,0x00000000ef280000,0x00000000ef300000)
 ParOldGen       total 54784K, used 32925K [0x0000000084e00000, 0x0000000088380000, 0x00000000d6f80000)
  object space 54784K, 60% used [0x0000000084e00000,0x0000000086e27458,0x0000000088380000)
 Metaspace       used 23045K, capacity 29431K, committed 29696K, reserved 1071104K
  class space    used 5419K, capacity 7341K, committed 7424K, reserved 1048576K
}
Event: 70104.691 GC heap before
{Heap before GC invocations=1017 (full 1):
 PSYoungGen      total 27648K, used 27200K [0x00000000d6f80000, 0x00000000ef300000, 0x0000000100000000)
  eden space 27136K, 100% used [0x00000000d6f80000,0x00000000d8a00000,0x00000000d8a00000)
  from space 512K, 12% used [0x00000000ef200000,0x00000000ef210000,0x00000000ef280000)
  to   space 512K, 0% used [0x00000000ef280000,0x00000000ef280000,0x00000000ef300000)
 ParOldGen       total 54784K, used 32925K [0x0000000084e00000, 0x0000000088380000, 0x00000000d6f80000)
  object space 54784K, 60% used [0x0000000084e00000,0x0000000086e27458,0x0000000088380000)
 Metaspace       used 23045K, capacity 29431K, committed 29696K, reserved 1071104K
  class space    used 5419K, capacity 7341K, committed 7424K, reserved 1048576K
Event: 70104.693 GC heap after
Heap after GC invocations=1017 (full 1):
 PSYoungGen      total 27648K, used 64K [0x00000000d6f80000, 0x00000000ef300000, 0x0000000100000000)
  eden space 27136K, 0% used [0x00000000d6f80000,0x00000000d6f80000,0x00000000d8a00000)
  from space 512K, 12% used [0x00000000ef280000,0x00000000ef290000,0x00000000ef300000)
  to   space 512K, 0% used [0x00000000ef200000,0x00000000ef200000,0x00000000ef280000)
 ParOldGen       total 54784K, used 32925K [0x0000000084e00000, 0x0000000088380000, 0x00000000d6f80000)
  object space 54784K, 60% used [0x0000000084e00000,0x0000000086e27458,0x0000000088380000)
 Metaspace       used 23045K, capacity 29431K, committed 29696K, reserved 1071104K
  class space    used 5419K, capacity 7341K, committed 7424K, reserved 1048576K
}
Event: 70156.700 GC heap before
{Heap before GC invocations=1018 (full 1):
 PSYoungGen      total 27648K, used 27200K [0x00000000d6f80000, 0x00000000ef300000, 0x0000000100000000)
  eden space 27136K, 100% used [0x00000000d6f80000,0x00000000d8a00000,0x00000000d8a00000)
  from space 512K, 12% used [0x00000000ef280000,0x00000000ef290000,0x00000000ef300000)
  to   space 512K, 0% used [0x00000000ef200000,0x00000000ef200000,0x00000000ef280000)
 ParOldGen       total 54784K, used 32925K [0x0000000084e00000, 0x0000000088380000, 0x00000000d6f80000)
  object space 54784K, 60% used [0x0000000084e00000,0x0000000086e27458,0x0000000088380000)
 Metaspace       used 23045K, capacity 29431K, committed 29696K, reserved 1071104K
  class space    used 5419K, capacity 7341K, committed 7424K, reserved 1048576K
Event: 70156.703 GC heap after
Heap after GC invocations=1018 (full 1):
 PSYoungGen      total 27648K, used 64K [0x00000000d6f80000, 0x00000000ef300000, 0x0000000100000000)
  eden space 27136K, 0% used [0x00000000d6f80000,0x00000000d6f80000,0x00000000d8a00000)
  from space 512K, 12% used [0x00000000ef200000,0x00000000ef210000,0x00000000ef280000)
  to   space 512K, 0% used [0x00000000ef280000,0x00000000ef280000,0x00000000ef300000)
 ParOldGen       total 54784K, used 32925K [0x0000000084e00000, 0x0000000088380000, 0x00000000d6f80000)
  object space 54784K, 60% used [0x0000000084e00000,0x0000000086e27458,0x0000000088380000)
 Metaspace       used 23045K, capacity 29431K, committed 29696K, reserved 1071104K
  class space    used 5419K, capacity 7341K, committed 7424K, reserved 1048576K
}
Event: 70208.712 GC heap before
{Heap before GC invocations=1019 (full 1):
 PSYoungGen      total 27648K, used 27200K [0x00000000d6f80000, 0x00000000ef300000, 0x0000000100000000)
  eden space 27136K, 100% used [0x00000000d6f80000,0x00000000d8a00000,0x00000000d8a00000)
  from space 512K, 12% used [0x00000000ef200000,0x00000000ef210000,0x00000000ef280000)
  to   space 512K, 0% used [0x00000000ef280000,0x00000000ef280000,0x00000000ef300000)
 ParOldGen       total 54784K, used 32925K [0x0000000084e00000, 0x0000000088380000, 0x00000000d6f80000)
  object space 54784K, 60% used [0x0000000084e00000,0x0000000086e27458,0x0000000088380000)
 Metaspace       used 23045K, capacity 29431K, committed 29696K, reserved 1071104K
  class space    used 5419K, capacity 7341K, committed 7424K, reserved 1048576K
Event: 70208.714 GC heap after
Heap after GC invocations=1019 (full 1):
 PSYoungGen      total 27648K, used 64K [0x00000000d6f80000, 0x00000000ef300000, 0x0000000100000000)
  eden space 27136K, 0% used [0x00000000d6f80000,0x00000000d6f80000,0x00000000d8a00000)
  from space 512K, 12% used [0x00000000ef280000,0x00000000ef290000,0x00000000ef300000)
  to   space 512K, 0% used [0x00000000ef200000,0x00000000ef200000,0x00000000ef280000)
 ParOldGen       total 54784K, used 32925K [0x0000000084e00000, 0x0000000088380000, 0x00000000d6f80000)
  object space 54784K, 60% used [0x0000000084e00000,0x0000000086e27458,0x0000000088380000)
 Metaspace       used 23045K, capacity 29431K, committed 29696K, reserved 1071104K
  class space    used 5419K, capacity 7341K, committed 7424K, reserved 1048576K
}
Event: 70260.725 GC heap before
{Heap before GC invocations=1020 (full 1):
 PSYoungGen      total 27648K, used 27200K [0x00000000d6f80000, 0x00000000ef300000, 0x0000000100000000)
  eden space 27136K, 100% used [0x00000000d6f80000,0x00000000d8a00000,0x00000000d8a00000)
  from space 512K, 12% used [0x00000000ef280000,0x00000000ef290000,0x00000000ef300000)
  to   space 512K, 0% used [0x00000000ef200000,0x00000000ef200000,0x00000000ef280000)
 ParOldGen       total 54784K, used 32925K [0x0000000084e00000, 0x0000000088380000, 0x00000000d6f80000)
  object space 54784K, 60% used [0x0000000084e00000,0x0000000086e27458,0x0000000088380000)
 Metaspace       used 23045K, capacity 29431K, committed 29696K, reserved 1071104K
  class space    used 5419K, capacity 7341K, committed 7424K, reserved 1048576K
Event: 70260.726 GC heap after
Heap after GC invocations=1020 (full 1):
 PSYoungGen      total 27648K, used 64K [0x00000000d6f80000, 0x00000000ef300000, 0x0000000100000000)
  eden space 27136K, 0% used [0x00000000d6f80000,0x00000000d6f80000,0x00000000d8a00000)
  from space 512K, 12% used [0x00000000ef200000,0x00000000ef210000,0x00000000ef280000)
  to   space 512K, 0% used [0x00000000ef280000,0x00000000ef280000,0x00000000ef300000)
 ParOldGen       total 54784K, used 32925K [0x0000000084e00000, 0x0000000088380000, 0x00000000d6f80000)
  object space 54784K, 60% used [0x0000000084e00000,0x0000000086e27458,0x0000000088380000)
 Metaspace       used 23045K, capacity 29431K, committed 29696K, reserved 1071104K
  class space    used 5419K, capacity 7341K, committed 7424K, reserved 1048576K
}

