# JRE version: OpenJDK Runtime Environment (7.0_75-b13) (build 1.7.0_75-b13)
# Java VM: OpenJDK 64-Bit Server VM (24.75-b04 mixed mode linux-amd64 compressed oops)
Heap
 PSYoungGen      total 327680K, used 5787K [0x00000007d7000000, 0x00000007eb600000, 0x0000000800000000)
  eden space 321536K, 0% used [0x00000007d7000000,0x00000007d7000000,0x00000007eaa00000)
  from space 6144K, 94% used [0x00000007eaa00000,0x00000007eafa6e70,0x00000007eb000000)
  to   space 6144K, 0% used [0x00000007eb000000,0x00000007eb000000,0x00000007eb600000)
 ParOldGen       total 83968K, used 14472K [0x0000000785000000, 0x000000078a200000, 0x00000007d7000000)
  object space 83968K, 17% used [0x0000000785000000,0x0000000785e222c8,0x000000078a200000)
 PSPermGen       total 21504K, used 20178K [0x000000077aa00000, 0x000000077bf00000, 0x0000000785000000)
  object space 21504K, 93% used [0x000000077aa00000,0x000000077bdb4ae8,0x000000077bf00000)
GC Heap History (10 events):
Event: 4,649 GC heap after
Heap after GC invocations=8 (full 0):
 PSYoungGen      total 131072K, used 2832K [0x00000007d7000000, 0x00000007df700000, 0x0000000800000000)
  eden space 125440K, 0% used [0x00000007d7000000,0x00000007d7000000,0x00000007dea80000)
  from space 5632K, 50% used [0x00000007df080000,0x00000007df344030,0x00000007df600000)
  to   space 6144K, 0% used [0x00000007dea80000,0x00000007dea80000,0x00000007df080000)
 ParOldGen       total 83968K, used 4029K [0x0000000785000000, 0x000000078a200000, 0x00000007d7000000)
  object space 83968K, 4% used [0x0000000785000000,0x00000007853ef7c0,0x000000078a200000)
 PSPermGen       total 21504K, used 14441K [0x000000077aa00000, 0x000000077bf00000, 0x0000000785000000)
  object space 21504K, 67% used [0x000000077aa00000,0x000000077b81a538,0x000000077bf00000)
}
Event: 5,021 GC heap before
{Heap before GC invocations=9 (full 0):
 PSYoungGen      total 131072K, used 128272K [0x00000007d7000000, 0x00000007df700000, 0x0000000800000000)
  eden space 125440K, 100% used [0x00000007d7000000,0x00000007dea80000,0x00000007dea80000)
  from space 5632K, 50% used [0x00000007df080000,0x00000007df344030,0x00000007df600000)
  to   space 6144K, 0% used [0x00000007dea80000,0x00000007dea80000,0x00000007df080000)
 ParOldGen       total 83968K, used 4029K [0x0000000785000000, 0x000000078a200000, 0x00000007d7000000)
  object space 83968K, 4% used [0x0000000785000000,0x00000007853ef7c0,0x000000078a200000)
 PSPermGen       total 21504K, used 14574K [0x000000077aa00000, 0x000000077bf00000, 0x0000000785000000)
  object space 21504K, 67% used [0x000000077aa00000,0x000000077b83b838,0x000000077bf00000)
Event: 5,035 GC heap after
Heap after GC invocations=9 (full 0):
 PSYoungGen      total 131584K, used 3424K [0x00000007d7000000, 0x00000007e4000000, 0x0000000800000000)
  eden space 125440K, 0% used [0x00000007d7000000,0x00000007d7000000,0x00000007dea80000)
  from space 6144K, 55% used [0x00000007dea80000,0x00000007dedd8000,0x00000007df080000)
  to   space 6144K, 0% used [0x00000007e3a00000,0x00000007e3a00000,0x00000007e4000000)
 ParOldGen       total 83968K, used 4972K [0x0000000785000000, 0x000000078a200000, 0x00000007d7000000)
  object space 83968K, 5% used [0x0000000785000000,0x00000007854db018,0x000000078a200000)
 PSPermGen       total 21504K, used 14574K [0x000000077aa00000, 0x000000077bf00000, 0x0000000785000000)
  object space 21504K, 67% used [0x000000077aa00000,0x000000077b83b838,0x000000077bf00000)
}
Event: 5,260 GC heap before
{Heap before GC invocations=10 (full 0):
 PSYoungGen      total 131584K, used 128864K [0x00000007d7000000, 0x00000007e4000000, 0x0000000800000000)
  eden space 125440K, 100% used [0x00000007d7000000,0x00000007dea80000,0x00000007dea80000)
  from space 6144K, 55% used [0x00000007dea80000,0x00000007dedd8000,0x00000007df080000)
  to   space 6144K, 0% used [0x00000007e3a00000,0x00000007e3a00000,0x00000007e4000000)
 ParOldGen       total 83968K, used 4972K [0x0000000785000000, 0x000000078a200000, 0x00000007d7000000)
  object space 83968K, 5% used [0x0000000785000000,0x00000007854db018,0x000000078a200000)
 PSPermGen       total 21504K, used 14577K [0x000000077aa00000, 0x000000077bf00000, 0x0000000785000000)
  object space 21504K, 67% used [0x000000077aa00000,0x000000077b83c540,0x000000077bf00000)
Event: 5,270 GC heap after
Heap after GC invocations=10 (full 0):
 PSYoungGen      total 206848K, used 3168K [0x00000007d7000000, 0x00000007e4000000, 0x0000000800000000)
  eden space 200704K, 0% used [0x00000007d7000000,0x00000007d7000000,0x00000007e3400000)
  from space 6144K, 51% used [0x00000007e3a00000,0x00000007e3d18000,0x00000007e4000000)
  to   space 6144K, 0% used [0x00000007e3400000,0x00000007e3400000,0x00000007e3a00000)
 ParOldGen       total 83968K, used 6796K [0x0000000785000000, 0x000000078a200000, 0x00000007d7000000)
  object space 83968K, 8% used [0x0000000785000000,0x00000007856a3268,0x000000078a200000)
 PSPermGen       total 21504K, used 14577K [0x000000077aa00000, 0x000000077bf00000, 0x0000000785000000)
  object space 21504K, 67% used [0x000000077aa00000,0x000000077b83c540,0x000000077bf00000)
}
Event: 5,479 GC heap before
{Heap before GC invocations=11 (full 0):
 PSYoungGen      total 206848K, used 203872K [0x00000007d7000000, 0x00000007e4000000, 0x0000000800000000)
  eden space 200704K, 100% used [0x00000007d7000000,0x00000007e3400000,0x00000007e3400000)
  from space 6144K, 51% used [0x00000007e3a00000,0x00000007e3d18000,0x00000007e4000000)
  to   space 6144K, 0% used [0x00000007e3400000,0x00000007e3400000,0x00000007e3a00000)
 ParOldGen       total 83968K, used 6796K [0x0000000785000000, 0x000000078a200000, 0x00000007d7000000)
  object space 83968K, 8% used [0x0000000785000000,0x00000007856a3268,0x000000078a200000)
 PSPermGen       total 21504K, used 14628K [0x000000077aa00000, 0x000000077bf00000, 0x0000000785000000)
  object space 21504K, 68% used [0x000000077aa00000,0x000000077b849298,0x000000077bf00000)
Event: 5,490 GC heap after
Heap after GC invocations=11 (full 0):
 PSYoungGen      total 206848K, used 2368K [0x00000007d7000000, 0x00000007eb600000, 0x0000000800000000)
  eden space 200704K, 0% used [0x00000007d7000000,0x00000007d7000000,0x00000007e3400000)
  from space 6144K, 38% used [0x00000007e3400000,0x00000007e3650000,0x00000007e3a00000)
  to   space 6144K, 0% used [0x00000007eb000000,0x00000007eb000000,0x00000007eb600000)
 ParOldGen       total 83968K, used 9924K [0x0000000785000000, 0x000000078a200000, 0x00000007d7000000)
  object space 83968K, 11% used [0x0000000785000000,0x00000007859b1268,0x000000078a200000)
 PSPermGen       total 21504K, used 14628K [0x000000077aa00000, 0x000000077bf00000, 0x0000000785000000)
  object space 21504K, 68% used [0x000000077aa00000,0x000000077b849298,0x000000077bf00000)
}
Event: 5,781 GC heap before
{Heap before GC invocations=12 (full 0):
 PSYoungGen      total 206848K, used 203072K [0x00000007d7000000, 0x00000007eb600000, 0x0000000800000000)
  eden space 200704K, 100% used [0x00000007d7000000,0x00000007e3400000,0x00000007e3400000)
  from space 6144K, 38% used [0x00000007e3400000,0x00000007e3650000,0x00000007e3a00000)
  to   space 6144K, 0% used [0x00000007eb000000,0x00000007eb000000,0x00000007eb600000)
 ParOldGen       total 83968K, used 9924K [0x0000000785000000, 0x000000078a200000, 0x00000007d7000000)
  object space 83968K, 11% used [0x0000000785000000,0x00000007859b1268,0x000000078a200000)
 PSPermGen       total 21504K, used 14827K [0x000000077aa00000, 0x000000077bf00000, 0x0000000785000000)
  object space 21504K, 68% used [0x000000077aa00000,0x000000077b87aec0,0x000000077bf00000)
Event: 5,789 GC heap after
Heap after GC invocations=12 (full 0):
 PSYoungGen      total 327680K, used 2388K [0x00000007d7000000, 0x00000007eb600000, 0x0000000800000000)
  eden space 321536K, 0% used [0x00000007d7000000,0x00000007d7000000,0x00000007eaa00000)
  from space 6144K, 38% used [0x00000007eb000000,0x00000007eb255060,0x00000007eb600000)
  to   space 6144K, 0% used [0x00000007eaa00000,0x00000007eaa00000,0x00000007eb000000)
 ParOldGen       total 83968K, used 12220K [0x0000000785000000, 0x000000078a200000, 0x00000007d7000000)
  object space 83968K, 14% used [0x0000000785000000,0x0000000785bef268,0x000000078a200000)
 PSPermGen       total 21504K, used 14827K [0x000000077aa00000, 0x000000077bf00000, 0x0000000785000000)
  object space 21504K, 68% used [0x000000077aa00000,0x000000077b87aec0,0x000000077bf00000)
}
Event: 9,363 GC heap before
{Heap before GC invocations=13 (full 0):
 PSYoungGen      total 327680K, used 323924K [0x00000007d7000000, 0x00000007eb600000, 0x0000000800000000)
  eden space 321536K, 100% used [0x00000007d7000000,0x00000007eaa00000,0x00000007eaa00000)
  from space 6144K, 38% used [0x00000007eb000000,0x00000007eb255060,0x00000007eb600000)
  to   space 6144K, 0% used [0x00000007eaa00000,0x00000007eaa00000,0x00000007eb000000)
 ParOldGen       total 83968K, used 12220K [0x0000000785000000, 0x000000078a200000, 0x00000007d7000000)
  object space 83968K, 14% used [0x0000000785000000,0x0000000785bef268,0x000000078a200000)
 PSPermGen       total 21504K, used 20178K [0x000000077aa00000, 0x000000077bf00000, 0x0000000785000000)
  object space 21504K, 93% used [0x000000077aa00000,0x000000077bdb4ae8,0x000000077bf00000)

