# JRE version: OpenJDK Runtime Environment (8.0_20-b26) (build 1.8.0_20-b26)
# Java VM: OpenJDK 64-Bit Server VM (25.20-b23 mixed mode linux-amd64 compressed oops)
Heap:
 PSYoungGen      total 326656K, used 164070K [0x00000000d6f80000, 0x00000000f6200000, 0x0000000100000000)
  eden space 324608K, 50% used [0x00000000d6f80000,0x00000000e0e29b08,0x00000000eac80000)
  from space 2048K, 78% used [0x00000000f3e80000,0x00000000f4010000,0x00000000f4080000)
  to   space 18432K, 0% used [0x00000000f5000000,0x00000000f5000000,0x00000000f6200000)
 ParOldGen       total 54784K, used 30308K [0x0000000084e00000, 0x0000000088380000, 0x00000000d6f80000)
  object space 54784K, 55% used [0x0000000084e00000,0x0000000086b99220,0x0000000088380000)
 Metaspace       used 22980K, capacity 29395K, committed 29696K, reserved 1071104K
  class space    used 5415K, capacity 7309K, committed 7424K, reserved 1048576K
GC Heap History (10 events):
Event: 5507.336 GC heap before
{Heap before GC invocations=16 (full 1):
 PSYoungGen      total 414720K, used 414720K [0x00000000d6f80000, 0x00000000f8d80000, 0x0000000100000000)
  eden space 406016K, 100% used [0x00000000d6f80000,0x00000000efc00000,0x00000000efc00000)
  from space 8704K, 100% used [0x00000000f8500000,0x00000000f8d80000,0x00000000f8d80000)
  to   space 17408K, 0% used [0x00000000f6b80000,0x00000000f6b80000,0x00000000f7c80000)
 ParOldGen       total 54784K, used 23108K [0x0000000084e00000, 0x0000000088380000, 0x00000000d6f80000)
  object space 54784K, 42% used [0x0000000084e00000,0x0000000086491210,0x0000000088380000)
 Metaspace       used 22980K, capacity 29395K, committed 29696K, reserved 1071104K
  class space    used 5415K, capacity 7309K, committed 7424K, reserved 1048576K
Event: 5507.351 GC heap after
Heap after GC invocations=16 (full 1):
 PSYoungGen      total 390144K, used 1632K [0x00000000d6f80000, 0x00000000f8580000, 0x0000000100000000)
  eden space 388096K, 0% used [0x00000000d6f80000,0x00000000d6f80000,0x00000000eea80000)
  from space 2048K, 79% used [0x00000000f6b80000,0x00000000f6d18000,0x00000000f6d80000)
  to   space 18432K, 0% used [0x00000000f7380000,0x00000000f7380000,0x00000000f8580000)
 ParOldGen       total 54784K, used 30292K [0x0000000084e00000, 0x0000000088380000, 0x00000000d6f80000)
  object space 54784K, 55% used [0x0000000084e00000,0x0000000086b95220,0x0000000088380000)
 Metaspace       used 22980K, capacity 29395K, committed 29696K, reserved 1071104K
  class space    used 5415K, capacity 7309K, committed 7424K, reserved 1048576K
}
Event: 6253.516 GC heap before
{Heap before GC invocations=17 (full 1):
 PSYoungGen      total 390144K, used 389728K [0x00000000d6f80000, 0x00000000f8580000, 0x0000000100000000)
  eden space 388096K, 100% used [0x00000000d6f80000,0x00000000eea80000,0x00000000eea80000)
  from space 2048K, 79% used [0x00000000f6b80000,0x00000000f6d18000,0x00000000f6d80000)
  to   space 18432K, 0% used [0x00000000f7380000,0x00000000f7380000,0x00000000f8580000)
 ParOldGen       total 54784K, used 30292K [0x0000000084e00000, 0x0000000088380000, 0x00000000d6f80000)
  object space 54784K, 55% used [0x0000000084e00000,0x0000000086b95220,0x0000000088380000)
 Metaspace       used 22980K, capacity 29395K, committed 29696K, reserved 1071104K
  class space    used 5415K, capacity 7309K, committed 7424K, reserved 1048576K
Event: 6253.522 GC heap after
Heap after GC invocations=17 (full 1):
 PSYoungGen      total 373248K, used 1600K [0x00000000d6f80000, 0x00000000f7580000, 0x0000000100000000)
  eden space 371200K, 0% used [0x00000000d6f80000,0x00000000d6f80000,0x00000000eda00000)
  from space 2048K, 78% used [0x00000000f7380000,0x00000000f7510000,0x00000000f7580000)
  to   space 18432K, 0% used [0x00000000f5180000,0x00000000f5180000,0x00000000f6380000)
 ParOldGen       total 54784K, used 30300K [0x0000000084e00000, 0x0000000088380000, 0x00000000d6f80000)
  object space 54784K, 55% used [0x0000000084e00000,0x0000000086b97220,0x0000000088380000)
 Metaspace       used 22980K, capacity 29395K, committed 29696K, reserved 1071104K
  class space    used 5415K, capacity 7309K, committed 7424K, reserved 1048576K
}
Event: 6967.147 GC heap before
{Heap before GC invocations=18 (full 1):
 PSYoungGen      total 373248K, used 372800K [0x00000000d6f80000, 0x00000000f7580000, 0x0000000100000000)
  eden space 371200K, 100% used [0x00000000d6f80000,0x00000000eda00000,0x00000000eda00000)
  from space 2048K, 78% used [0x00000000f7380000,0x00000000f7510000,0x00000000f7580000)
  to   space 18432K, 0% used [0x00000000f5180000,0x00000000f5180000,0x00000000f6380000)
 ParOldGen       total 54784K, used 30300K [0x0000000084e00000, 0x0000000088380000, 0x00000000d6f80000)
  object space 54784K, 55% used [0x0000000084e00000,0x0000000086b97220,0x0000000088380000)
 Metaspace       used 22980K, capacity 29395K, committed 29696K, reserved 1071104K
  class space    used 5415K, capacity 7309K, committed 7424K, reserved 1048576K
Event: 6967.151 GC heap after
Heap after GC invocations=18 (full 1):
 PSYoungGen      total 356864K, used 1600K [0x00000000d6f80000, 0x00000000f7400000, 0x0000000100000000)
  eden space 354816K, 0% used [0x00000000d6f80000,0x00000000d6f80000,0x00000000eca00000)
  from space 2048K, 78% used [0x00000000f5180000,0x00000000f5310000,0x00000000f5380000)
  to   space 18944K, 0% used [0x00000000f6180000,0x00000000f6180000,0x00000000f7400000)
 ParOldGen       total 54784K, used 30300K [0x0000000084e00000, 0x0000000088380000, 0x00000000d6f80000)
  object space 54784K, 55% used [0x0000000084e00000,0x0000000086b97220,0x0000000088380000)
 Metaspace       used 22980K, capacity 29395K, committed 29696K, reserved 1071104K
  class space    used 5415K, capacity 7309K, committed 7424K, reserved 1048576K
}
Event: 7638.165 GC heap before
{Heap before GC invocations=19 (full 1):
 PSYoungGen      total 356864K, used 356416K [0x00000000d6f80000, 0x00000000f7400000, 0x0000000100000000)
  eden space 354816K, 100% used [0x00000000d6f80000,0x00000000eca00000,0x00000000eca00000)
  from space 2048K, 78% used [0x00000000f5180000,0x00000000f5310000,0x00000000f5380000)
  to   space 18944K, 0% used [0x00000000f6180000,0x00000000f6180000,0x00000000f7400000)
 ParOldGen       total 54784K, used 30300K [0x0000000084e00000, 0x0000000088380000, 0x00000000d6f80000)
  object space 54784K, 55% used [0x0000000084e00000,0x0000000086b97220,0x0000000088380000)
 Metaspace       used 22980K, capacity 29395K, committed 29696K, reserved 1071104K
  class space    used 5415K, capacity 7309K, committed 7424K, reserved 1048576K
Event: 7638.170 GC heap after
Heap after GC invocations=19 (full 1):
 PSYoungGen      total 341504K, used 1632K [0x00000000d6f80000, 0x00000000f6380000, 0x0000000100000000)
  eden space 339456K, 0% used [0x00000000d6f80000,0x00000000d6f80000,0x00000000ebb00000)
  from space 2048K, 79% used [0x00000000f6180000,0x00000000f6318000,0x00000000f6380000)
  to   space 18944K, 0% used [0x00000000f3e80000,0x00000000f3e80000,0x00000000f5100000)
 ParOldGen       total 54784K, used 30300K [0x0000000084e00000, 0x0000000088380000, 0x00000000d6f80000)
  object space 54784K, 55% used [0x0000000084e00000,0x0000000086b97220,0x0000000088380000)
 Metaspace       used 22980K, capacity 29395K, committed 29696K, reserved 1071104K
  class space    used 5415K, capacity 7309K, committed 7424K, reserved 1048576K
}
Event: 8279.265 GC heap before
{Heap before GC invocations=20 (full 1):
 PSYoungGen      total 341504K, used 341088K [0x00000000d6f80000, 0x00000000f6380000, 0x0000000100000000)
  eden space 339456K, 100% used [0x00000000d6f80000,0x00000000ebb00000,0x00000000ebb00000)
  from space 2048K, 79% used [0x00000000f6180000,0x00000000f6318000,0x00000000f6380000)
  to   space 18944K, 0% used [0x00000000f3e80000,0x00000000f3e80000,0x00000000f5100000)
 ParOldGen       total 54784K, used 30300K [0x0000000084e00000, 0x0000000088380000, 0x00000000d6f80000)
  object space 54784K, 55% used [0x0000000084e00000,0x0000000086b97220,0x0000000088380000)
 Metaspace       used 22980K, capacity 29395K, committed 29696K, reserved 1071104K
  class space    used 5415K, capacity 7309K, committed 7424K, reserved 1048576K
Event: 8279.272 GC heap after
Heap after GC invocations=20 (full 1):
 PSYoungGen      total 326656K, used 1600K [0x00000000d6f80000, 0x00000000f6200000, 0x0000000100000000)
  eden space 324608K, 0% used [0x00000000d6f80000,0x00000000d6f80000,0x00000000eac80000)
  from space 2048K, 78% used [0x00000000f3e80000,0x00000000f4010000,0x00000000f4080000)
  to   space 18432K, 0% used [0x00000000f5000000,0x00000000f5000000,0x00000000f6200000)
 ParOldGen       total 54784K, used 30308K [0x0000000084e00000, 0x0000000088380000, 0x00000000d6f80000)
  object space 54784K, 55% used [0x0000000084e00000,0x0000000086b99220,0x0000000088380000)
 Metaspace       used 22980K, capacity 29395K, committed 29696K, reserved 1071104K
  class space    used 5415K, capacity 7309K, committed 7424K, reserved 1048576K
}

