# JRE version: OpenJDK Runtime Environment (7.0_75-b13) (build 1.7.0_75-b13)
# Java VM: OpenJDK 64-Bit Server VM (24.75-b04 mixed mode linux-amd64 compressed oops)
Heap
 PSYoungGen      total 521216K, used 6656K [0x00000007d7000000, 0x00000007f7380000, 0x0000000800000000)
  eden space 514560K, 0% used [0x00000007d7000000,0x00000007d7000000,0x00000007f6680000)
  from space 6656K, 100% used [0x00000007f6680000,0x00000007f6d00000,0x00000007f6d00000)
  to   space 6656K, 0% used [0x00000007f6d00000,0x00000007f6d00000,0x00000007f7380000)
 ParOldGen       total 83968K, used 41034K [0x0000000785000000, 0x000000078a200000, 0x00000007d7000000)
  object space 83968K, 48% used [0x0000000785000000,0x00000007878128a8,0x000000078a200000)
 PSPermGen       total 27648K, used 27518K [0x000000077aa00000, 0x000000077c500000, 0x0000000785000000)
  object space 27648K, 99% used [0x000000077aa00000,0x000000077c4df9e8,0x000000077c500000)
GC Heap History (10 events):
Event: 4,806 GC heap after
Heap after GC invocations=10 (full 0):
 PSYoungGen      total 206848K, used 3168K [0x00000007d7000000, 0x00000007e4000000, 0x0000000800000000)
  eden space 200704K, 0% used [0x00000007d7000000,0x00000007d7000000,0x00000007e3400000)
  from space 6144K, 51% used [0x00000007e3a00000,0x00000007e3d18000,0x00000007e4000000)
  to   space 6144K, 0% used [0x00000007e3400000,0x00000007e3400000,0x00000007e3a00000)
 ParOldGen       total 83968K, used 6898K [0x0000000785000000, 0x000000078a200000, 0x00000007d7000000)
  object space 83968K, 8% used [0x0000000785000000,0x00000007856bc978,0x000000078a200000)
 PSPermGen       total 21504K, used 14593K [0x000000077aa00000, 0x000000077bf00000, 0x0000000785000000)
  object space 21504K, 67% used [0x000000077aa00000,0x000000077b8405c0,0x000000077bf00000)
}
Event: 5,022 GC heap before
{Heap before GC invocations=11 (full 0):
 PSYoungGen      total 206848K, used 203872K [0x00000007d7000000, 0x00000007e4000000, 0x0000000800000000)
  eden space 200704K, 100% used [0x00000007d7000000,0x00000007e3400000,0x00000007e3400000)
  from space 6144K, 51% used [0x00000007e3a00000,0x00000007e3d18000,0x00000007e4000000)
  to   space 6144K, 0% used [0x00000007e3400000,0x00000007e3400000,0x00000007e3a00000)
 ParOldGen       total 83968K, used 6898K [0x0000000785000000, 0x000000078a200000, 0x00000007d7000000)
  object space 83968K, 8% used [0x0000000785000000,0x00000007856bc978,0x000000078a200000)
 PSPermGen       total 21504K, used 14693K [0x000000077aa00000, 0x000000077bf00000, 0x0000000785000000)
  object space 21504K, 68% used [0x000000077aa00000,0x000000077b859500,0x000000077bf00000)
Event: 5,031 GC heap after
Heap after GC invocations=11 (full 0):
 PSYoungGen      total 206848K, used 2336K [0x00000007d7000000, 0x00000007eb600000, 0x0000000800000000)
  eden space 200704K, 0% used [0x00000007d7000000,0x00000007d7000000,0x00000007e3400000)
  from space 6144K, 38% used [0x00000007e3400000,0x00000007e3648000,0x00000007e3a00000)
  to   space 6144K, 0% used [0x00000007eb000000,0x00000007eb000000,0x00000007eb600000)
 ParOldGen       total 83968K, used 9802K [0x0000000785000000, 0x000000078a200000, 0x00000007d7000000)
  object space 83968K, 11% used [0x0000000785000000,0x0000000785992978,0x000000078a200000)
 PSPermGen       total 21504K, used 14693K [0x000000077aa00000, 0x000000077bf00000, 0x0000000785000000)
  object space 21504K, 68% used [0x000000077aa00000,0x000000077b859500,0x000000077bf00000)
}
Event: 5,290 GC heap before
{Heap before GC invocations=12 (full 0):
 PSYoungGen      total 206848K, used 203040K [0x00000007d7000000, 0x00000007eb600000, 0x0000000800000000)
  eden space 200704K, 100% used [0x00000007d7000000,0x00000007e3400000,0x00000007e3400000)
  from space 6144K, 38% used [0x00000007e3400000,0x00000007e3648000,0x00000007e3a00000)
  to   space 6144K, 0% used [0x00000007eb000000,0x00000007eb000000,0x00000007eb600000)
 ParOldGen       total 83968K, used 9802K [0x0000000785000000, 0x000000078a200000, 0x00000007d7000000)
  object space 83968K, 11% used [0x0000000785000000,0x0000000785992978,0x000000078a200000)
 PSPermGen       total 21504K, used 14886K [0x000000077aa00000, 0x000000077bf00000, 0x0000000785000000)
  object space 21504K, 69% used [0x000000077aa00000,0x000000077b889a08,0x000000077bf00000)
Event: 5,301 GC heap after
Heap after GC invocations=12 (full 0):
 PSYoungGen      total 327680K, used 2336K [0x00000007d7000000, 0x00000007eb600000, 0x0000000800000000)
  eden space 321536K, 0% used [0x00000007d7000000,0x00000007d7000000,0x00000007eaa00000)
  from space 6144K, 38% used [0x00000007eb000000,0x00000007eb248000,0x00000007eb600000)
  to   space 6144K, 0% used [0x00000007eaa00000,0x00000007eaa00000,0x00000007eb000000)
 ParOldGen       total 83968K, used 12042K [0x0000000785000000, 0x000000078a200000, 0x00000007d7000000)
  object space 83968K, 14% used [0x0000000785000000,0x0000000785bc2978,0x000000078a200000)
 PSPermGen       total 21504K, used 14886K [0x000000077aa00000, 0x000000077bf00000, 0x0000000785000000)
  object space 21504K, 69% used [0x000000077aa00000,0x000000077b889a08,0x000000077bf00000)
}
Event: 8,257 GC heap before
{Heap before GC invocations=13 (full 0):
 PSYoungGen      total 327680K, used 323872K [0x00000007d7000000, 0x00000007eb600000, 0x0000000800000000)
  eden space 321536K, 100% used [0x00000007d7000000,0x00000007eaa00000,0x00000007eaa00000)
  from space 6144K, 38% used [0x00000007eb000000,0x00000007eb248000,0x00000007eb600000)
  to   space 6144K, 0% used [0x00000007eaa00000,0x00000007eaa00000,0x00000007eb000000)
 ParOldGen       total 83968K, used 12042K [0x0000000785000000, 0x000000078a200000, 0x00000007d7000000)
  object space 83968K, 14% used [0x0000000785000000,0x0000000785bc2978,0x000000078a200000)
 PSPermGen       total 21504K, used 20210K [0x000000077aa00000, 0x000000077bf00000, 0x0000000785000000)
  object space 21504K, 93% used [0x000000077aa00000,0x000000077bdbc9b0,0x000000077bf00000)
Event: 8,276 GC heap after
Heap after GC invocations=13 (full 0):
 PSYoungGen      total 327680K, used 5720K [0x00000007d7000000, 0x00000007f7380000, 0x0000000800000000)
  eden space 321536K, 0% used [0x00000007d7000000,0x00000007d7000000,0x00000007eaa00000)
  from space 6144K, 93% used [0x00000007eaa00000,0x00000007eaf96128,0x00000007eb000000)
  to   space 6656K, 0% used [0x00000007f6d00000,0x00000007f6d00000,0x00000007f7380000)
 ParOldGen       total 83968K, used 14258K [0x0000000785000000, 0x000000078a200000, 0x00000007d7000000)
  object space 83968K, 16% used [0x0000000785000000,0x0000000785dec978,0x000000078a200000)
 PSPermGen       total 21504K, used 20210K [0x000000077aa00000, 0x000000077bf00000, 0x0000000785000000)
  object space 21504K, 93% used [0x000000077aa00000,0x000000077bdbc9b0,0x000000077bf00000)
}
Event: 11,022 GC heap before
{Heap before GC invocations=14 (full 0):
 PSYoungGen      total 327680K, used 327256K [0x00000007d7000000, 0x00000007f7380000, 0x0000000800000000)
  eden space 321536K, 100% used [0x00000007d7000000,0x00000007eaa00000,0x00000007eaa00000)
  from space 6144K, 93% used [0x00000007eaa00000,0x00000007eaf96128,0x00000007eb000000)
  to   space 6656K, 0% used [0x00000007f6d00000,0x00000007f6d00000,0x00000007f7380000)
 ParOldGen       total 83968K, used 14258K [0x0000000785000000, 0x000000078a200000, 0x00000007d7000000)
  object space 83968K, 16% used [0x0000000785000000,0x0000000785dec978,0x000000078a200000)
 PSPermGen       total 25600K, used 25252K [0x000000077aa00000, 0x000000077c300000, 0x0000000785000000)
  object space 25600K, 98% used [0x000000077aa00000,0x000000077c2a93c0,0x000000077c300000)
Event: 11,037 GC heap after
Heap after GC invocations=14 (full 0):
 PSYoungGen      total 521216K, used 4970K [0x00000007d7000000, 0x00000007f7380000, 0x0000000800000000)
  eden space 514560K, 0% used [0x00000007d7000000,0x00000007d7000000,0x00000007f6680000)
  from space 6656K, 74% used [0x00000007f6d00000,0x00000007f71da9a8,0x00000007f7380000)
  to   space 6656K, 0% used [0x00000007f6680000,0x00000007f6680000,0x00000007f6d00000)
 ParOldGen       total 83968K, used 18350K [0x0000000785000000, 0x000000078a200000, 0x00000007d7000000)
  object space 83968K, 21% used [0x0000000785000000,0x00000007861eba28,0x000000078a200000)
 PSPermGen       total 25600K, used 25252K [0x000000077aa00000, 0x000000077c300000, 0x0000000785000000)
  object space 25600K, 98% used [0x000000077aa00000,0x000000077c2a93c0,0x000000077c300000)
}
Event: 16,540 GC heap before
{Heap before GC invocations=15 (full 0):
 PSYoungGen      total 521216K, used 519530K [0x00000007d7000000, 0x00000007f7380000, 0x0000000800000000)
  eden space 514560K, 100% used [0x00000007d7000000,0x00000007f6680000,0x00000007f6680000)
  from space 6656K, 74% used [0x00000007f6d00000,0x00000007f71da9a8,0x00000007f7380000)
  to   space 6656K, 0% used [0x00000007f6680000,0x00000007f6680000,0x00000007f6d00000)
 ParOldGen       total 83968K, used 18350K [0x0000000785000000, 0x000000078a200000, 0x00000007d7000000)
  object space 83968K, 21% used [0x0000000785000000,0x00000007861eba28,0x000000078a200000)
 PSPermGen       total 27648K, used 27518K [0x000000077aa00000, 0x000000077c500000, 0x0000000785000000)
  object space 27648K, 99% used [0x000000077aa00000,0x000000077c4df9e8,0x000000077c500000)

